NarzedziUZ/app/build/intermediates/manifest_merge_blame_file/debug/processDebugMainManifest/manifest-merger-blame-debug-report.txt
1<?xml version="1.0" encoding="utf-8"?>
2<manifest xmlns:android="http://schemas.android.com/apk/res/android"
3    package="org.store.narzedziuz"
4    android:versionCode="1"
5    android:versionName="1.0" >
6
7    <uses-sdk
7-->INJECTED
8        android:minSdkVersion="26"
8-->INJECTED
9        android:targetSdkVersion="34" />
9-->INJECTED
10
11    <uses-permission android:name="android.permission.INTERNET" />
11-->src\main\AndroidManifest.xml:4:5-67
11-->src\main\AndroidManifest.xml:4:22-64
12    <uses-permission android:name="android.permission.ACCESS_NETWORK_STATE" />
12-->[com.google.firebase:firebase-auth:22.3.1] AndroidManifest.xml:26:5-79
12-->[com.google.firebase:firebase-auth:22.3.1] AndroidManifest.xml:26:22-76
13    <uses-permission android:name="com.google.android.providers.gsf.permission.READ_GSERVICES" />
13-->[com.google.android.recaptcha:recaptcha:18.4.0] AndroidManifest.xml:9:5-98
13-->[com.google.android.recaptcha:recaptcha:18.4.0] AndroidManifest.xml:9:22-95
14
15    <permission
15-->[androidx.core:core:1.12.0] AndroidManifest.xml:22:5-24:47
16        android:name="org.store.narzedziuz.DYNAMIC_RECEIVER_NOT_EXPORTED_PERMISSION"
16-->[androidx.core:core:1.12.0] AndroidManifest.xml:23:9-81
17        android:protectionLevel="signature" />
17-->[androidx.core:core:1.12.0] AndroidManifest.xml:24:9-44
18
19    <uses-permission android:name="org.store.narzedziuz.DYNAMIC_RECEIVER_NOT_EXPORTED_PERMISSION" />
19-->[androidx.core:core:1.12.0] AndroidManifest.xml:26:5-97
19-->[androidx.core:core:1.12.0] AndroidManifest.xml:26:22-94
20
21    <application
21-->src\main\AndroidManifest.xml:6:5-81:19
22        android:name="org.store.narzedziuz.NarzedziUZApplication"
22-->src\main\AndroidManifest.xml:7:9-46
23        android:allowBackup="true"
23-->src\main\AndroidManifest.xml:8:9-35
24        android:appComponentFactory="androidx.core.app.CoreComponentFactory"
24-->[androidx.core:core:1.12.0] AndroidManifest.xml:28:18-86
25        android:debuggable="true"
26        android:extractNativeLibs="false"
26-->INJECTED
27        android:icon="@mipmap/ic_launcher"
27-->src\main\AndroidManifest.xml:9:9-43
28        android:label="@string/app_name"
28-->src\main\AndroidManifest.xml:10:9-41
29        android:roundIcon="@mipmap/ic_launcher_round"
29-->src\main\AndroidManifest.xml:11:9-54
30        android:supportsRtl="true"
30-->src\main\AndroidManifest.xml:12:9-35
31        android:testOnly="true"
32        android:theme="@style/Theme.NarzedziUZ" >
32-->src\main\AndroidManifest.xml:13:9-48
33
34        <!-- Splash / router Activity -->
35        <activity
35-->src\main\AndroidManifest.xml:16:9-24:20
36            android:name="org.store.narzedziuz.activities.SplashActivity"
36-->src\main\AndroidManifest.xml:17:13-54
37            android:exported="true"
37-->src\main\AndroidManifest.xml:18:13-36
38            android:theme="@style/Theme.NarzedziUZ.NoActionBar" >
38-->src\main\AndroidManifest.xml:19:13-64
39            <intent-filter>
39-->src\main\AndroidManifest.xml:20:13-23:29
40                <action android:name="android.intent.action.MAIN" />
40-->src\main\AndroidManifest.xml:21:17-69
40-->src\main\AndroidManifest.xml:21:25-66
41
42                <category android:name="android.intent.category.LAUNCHER" />
42-->src\main\AndroidManifest.xml:22:17-77
42-->src\main\AndroidManifest.xml:22:27-74
43            </intent-filter>
44        </activity>
45        <activity
45-->src\main\AndroidManifest.xml:27:9-30:58
46            android:name="org.store.narzedziuz.activities.MainActivity"
46-->src\main\AndroidManifest.xml:28:13-52
47            android:exported="true"
47-->src\main\AndroidManifest.xml:29:13-36
48            android:windowSoftInputMode="adjustResize" />
48-->src\main\AndroidManifest.xml:30:13-55
49        <activity
49-->src\main\AndroidManifest.xml:32:9-35:58
50            android:name="org.store.narzedziuz.activities.LoginActivity"
50-->src\main\AndroidManifest.xml:33:13-53
51            android:exported="false"
51-->src\main\AndroidManifest.xml:34:13-37
52            android:windowSoftInputMode="adjustResize" />
52-->src\main\AndroidManifest.xml:35:13-55
53        <activity
53-->src\main\AndroidManifest.xml:37:9-40:58
54            android:name="org.store.narzedziuz.activities.RegisterActivity"
54-->src\main\AndroidManifest.xml:38:13-56
55            android:exported="false"
55-->src\main\AndroidManifest.xml:39:13-37
56            android:windowSoftInputMode="adjustResize" />
56-->src\main\AndroidManifest.xml:40:13-55
57        <activity
57-->src\main\AndroidManifest.xml:42:9-45:58
58            android:name="org.store.narzedziuz.activities.ProductDetailActivity"
58-->src\main\AndroidManifest.xml:43:13-61
59            android:exported="false"
59-->src\main\AndroidManifest.xml:44:13-37
60            android:windowSoftInputMode="adjustResize" />
60-->src\main\AndroidManifest.xml:45:13-55
61        <activity
61-->src\main\AndroidManifest.xml:47:9-50:58
62            android:name="org.store.narzedziuz.activities.CartActivity"
62-->src\main\AndroidManifest.xml:48:13-52
63            android:exported="false"
63-->src\main\AndroidManifest.xml:49:13-37
64            android:windowSoftInputMode="adjustResize" />
64-->src\main\AndroidManifest.xml:50:13-55
65        <activity
65-->src\main\AndroidManifest.xml:52:9-55:58
66            android:name="org.store.narzedziuz.activities.CheckoutActivity"
66-->src\main\AndroidManifest.xml:53:13-56
67            android:exported="false"
67-->src\main\AndroidManifest.xml:54:13-37
68            android:windowSoftInputMode="adjustResize" />
68-->src\main\AndroidManifest.xml:55:13-55
69        <activity
69-->src\main\AndroidManifest.xml:57:9-59:40
70            android:name="org.store.narzedziuz.activities.OrderSummaryActivity"
70-->src\main\AndroidManifest.xml:58:13-60
71            android:exported="false" />
71-->src\main\AndroidManifest.xml:59:13-37
72        <activity
72-->src\main\AndroidManifest.xml:61:9-63:40
73            android:name="org.store.narzedziuz.activities.ProfileActivity"
73-->src\main\AndroidManifest.xml:62:13-55
74            android:exported="false" />
74-->src\main\AndroidManifest.xml:63:13-37
75        <activity
75-->src\main\AndroidManifest.xml:65:9-67:40
76            android:name="org.store.narzedziuz.activities.WishlistActivity"
76-->src\main\AndroidManifest.xml:66:13-56
77            android:exported="false" />
77-->src\main\AndroidManifest.xml:67:13-37
78
79        <receiver
79-->src\main\AndroidManifest.xml:69:9-79:20
80            android:name="org.store.narzedziuz.widgets.CartWidgetProvider"
80-->src\main\AndroidManifest.xml:70:13-55
81            android:exported="true" >
81-->src\main\AndroidManifest.xml:71:13-36
82            <intent-filter>
82-->src\main\AndroidManifest.xml:72:13-74:29
83                <action android:name="android.appwidget.action.APPWIDGET_UPDATE" />
83-->src\main\AndroidManifest.xml:73:17-84
83-->src\main\AndroidManifest.xml:73:25-81
84            </intent-filter>
85
86            <meta-data
86-->src\main\AndroidManifest.xml:76:13-78:60
87                android:name="android.appwidget.provider"
87-->src\main\AndroidManifest.xml:77:17-58
88                android:resource="@xml/cart_widget_info" />
88-->src\main\AndroidManifest.xml:78:17-57
89        </receiver>
90
91        <provider
91-->[androidx.emoji2:emoji2:1.2.0] AndroidManifest.xml:24:9-32:20
92            android:name="androidx.startup.InitializationProvider"
92-->[androidx.emoji2:emoji2:1.2.0] AndroidManifest.xml:25:13-67
93            android:authorities="org.store.narzedziuz.androidx-startup"
93-->[androidx.emoji2:emoji2:1.2.0] AndroidManifest.xml:26:13-68
94            android:exported="false" >
94-->[androidx.emoji2:emoji2:1.2.0] AndroidManifest.xml:27:13-37
95            <meta-data
95-->[androidx.emoji2:emoji2:1.2.0] AndroidManifest.xml:29:13-31:52
96                android:name="androidx.emoji2.text.EmojiCompatInitializer"
96-->[androidx.emoji2:emoji2:1.2.0] AndroidManifest.xml:30:17-75
97                android:value="androidx.startup" />
97-->[androidx.emoji2:emoji2:1.2.0] AndroidManifest.xml:31:17-49
98            <meta-data
98-->[androidx.lifecycle:lifecycle-process:2.6.1] AndroidManifest.xml:29:13-31:52
99                android:name="androidx.lifecycle.ProcessLifecycleInitializer"
99-->[androidx.lifecycle:lifecycle-process:2.6.1] AndroidManifest.xml:30:17-78
100                android:value="androidx.startup" />
100-->[androidx.lifecycle:lifecycle-process:2.6.1] AndroidManifest.xml:31:17-49
101            <meta-data
101-->[androidx.profileinstaller:profileinstaller:1.3.0] AndroidManifest.xml:29:13-31:52
102                android:name="androidx.profileinstaller.ProfileInstallerInitializer"
102-->[androidx.profileinstaller:profileinstaller:1.3.0] AndroidManifest.xml:30:17-85
103                android:value="androidx.startup" />
103-->[androidx.profileinstaller:profileinstaller:1.3.0] AndroidManifest.xml:31:17-49
104        </provider>
105
106        <activity
106-->[com.google.firebase:firebase-auth:22.3.1] AndroidManifest.xml:29:9-46:20
107            android:name="com.google.firebase.auth.internal.GenericIdpActivity"
107-->[com.google.firebase:firebase-auth:22.3.1] AndroidManifest.xml:30:13-80
108            android:excludeFromRecents="true"
108-->[com.google.firebase:firebase-auth:22.3.1] AndroidManifest.xml:31:13-46
109            android:exported="true"
109-->[com.google.firebase:firebase-auth:22.3.1] AndroidManifest.xml:32:13-36
110            android:launchMode="singleTask"
110-->[com.google.firebase:firebase-auth:22.3.1] AndroidManifest.xml:33:13-44
111            android:theme="@android:style/Theme.Translucent.NoTitleBar" >
111-->[com.google.firebase:firebase-auth:22.3.1] AndroidManifest.xml:34:13-72
112            <intent-filter>
112-->[com.google.firebase:firebase-auth:22.3.1] AndroidManifest.xml:35:13-45:29
113                <action android:name="android.intent.action.VIEW" />
113-->[com.google.firebase:firebase-auth:22.3.1] AndroidManifest.xml:36:17-69
113-->[com.google.firebase:firebase-auth:22.3.1] AndroidManifest.xml:36:25-66
114
115                <category android:name="android.intent.category.DEFAULT" />
115-->[com.google.firebase:firebase-auth:22.3.1] AndroidManifest.xml:38:17-76
115-->[com.google.firebase:firebase-auth:22.3.1] AndroidManifest.xml:38:27-73
116                <category android:name="android.intent.category.BROWSABLE" />
116-->[com.google.firebase:firebase-auth:22.3.1] AndroidManifest.xml:39:17-78
116-->[com.google.firebase:firebase-auth:22.3.1] AndroidManifest.xml:39:27-75
117
118                <data
118-->[com.google.firebase:firebase-auth:22.3.1] AndroidManifest.xml:41:17-44:51
119                    android:host="firebase.auth"
119-->[com.google.firebase:firebase-auth:22.3.1] AndroidManifest.xml:42:21-49
120                    android:path="/"
120-->[com.google.firebase:firebase-auth:22.3.1] AndroidManifest.xml:43:21-37
121                    android:scheme="genericidp" />
121-->[com.google.firebase:firebase-auth:22.3.1] AndroidManifest.xml:44:21-48
122            </intent-filter>
123        </activity>
124        <activity
124-->[com.google.firebase:firebase-auth:22.3.1] AndroidManifest.xml:47:9-64:20
125            android:name="com.google.firebase.auth.internal.RecaptchaActivity"
125-->[com.google.firebase:firebase-auth:22.3.1] AndroidManifest.xml:48:13-79
126            android:excludeFromRecents="true"
126-->[com.google.firebase:firebase-auth:22.3.1] AndroidManifest.xml:49:13-46
127            android:exported="true"
127-->[com.google.firebase:firebase-auth:22.3.1] AndroidManifest.xml:50:13-36
128            android:launchMode="singleTask"
128-->[com.google.firebase:firebase-auth:22.3.1] AndroidManifest.xml:51:13-44
129            android:theme="@android:style/Theme.Translucent.NoTitleBar" >
129-->[com.google.firebase:firebase-auth:22.3.1] AndroidManifest.xml:52:13-72
130            <intent-filter>
130-->[com.google.firebase:firebase-auth:22.3.1] AndroidManifest.xml:53:13-63:29
131                <action android:name="android.intent.action.VIEW" />
131-->[com.google.firebase:firebase-auth:22.3.1] AndroidManifest.xml:36:17-69
131-->[com.google.firebase:firebase-auth:22.3.1] AndroidManifest.xml:36:25-66
132
133                <category android:name="android.intent.category.DEFAULT" />
133-->[com.google.firebase:firebase-auth:22.3.1] AndroidManifest.xml:38:17-76
133-->[com.google.firebase:firebase-auth:22.3.1] AndroidManifest.xml:38:27-73
134                <category android:name="android.intent.category.BROWSABLE" />
134-->[com.google.firebase:firebase-auth:22.3.1] AndroidManifest.xml:39:17-78
134-->[com.google.firebase:firebase-auth:22.3.1] AndroidManifest.xml:39:27-75
135
136                <data
136-->[com.google.firebase:firebase-auth:22.3.1] AndroidManifest.xml:41:17-44:51
137                    android:host="firebase.auth"
137-->[com.google.firebase:firebase-auth:22.3.1] AndroidManifest.xml:42:21-49
138                    android:path="/"
138-->[com.google.firebase:firebase-auth:22.3.1] AndroidManifest.xml:43:21-37
139                    android:scheme="recaptcha" />
139-->[com.google.firebase:firebase-auth:22.3.1] AndroidManifest.xml:44:21-48
140            </intent-filter>
141        </activity>
142
143        <service
143-->[com.google.firebase:firebase-auth:22.3.1] AndroidManifest.xml:66:9-72:19
144            android:name="com.google.firebase.components.ComponentDiscoveryService"
144-->[com.google.firebase:firebase-auth:22.3.1] AndroidManifest.xml:67:13-84
145            android:directBootAware="true"
145-->[com.google.firebase:firebase-common:20.4.2] AndroidManifest.xml:32:13-43
146            android:exported="false" >
146-->[com.google.firebase:firebase-auth:22.3.1] AndroidManifest.xml:68:13-37
147            <meta-data
147-->[com.google.firebase:firebase-auth:22.3.1] AndroidManifest.xml:69:13-71:85
148                android:name="com.google.firebase.components:com.google.firebase.auth.FirebaseAuthRegistrar"
148-->[com.google.firebase:firebase-auth:22.3.1] AndroidManifest.xml:70:17-109
149                android:value="com.google.firebase.components.ComponentRegistrar" />
149-->[com.google.firebase:firebase-auth:22.3.1] AndroidManifest.xml:71:17-82
150            <meta-data
150-->[com.google.firebase:firebase-firestore:24.10.3] AndroidManifest.xml:17:13-19:85
151                android:name="com.google.firebase.components:com.google.firebase.firestore.FirebaseFirestoreKtxRegistrar"
151-->[com.google.firebase:firebase-firestore:24.10.3] AndroidManifest.xml:18:17-122
152                android:value="com.google.firebase.components.ComponentRegistrar" />
152-->[com.google.firebase:firebase-firestore:24.10.3] AndroidManifest.xml:19:17-82
153            <meta-data
153-->[com.google.firebase:firebase-firestore:24.10.3] AndroidManifest.xml:20:13-22:85
154                android:name="com.google.firebase.components:com.google.firebase.firestore.FirestoreRegistrar"
154-->[com.google.firebase:firebase-firestore:24.10.3] AndroidManifest.xml:21:17-111
155                android:value="com.google.firebase.components.ComponentRegistrar" />
155-->[com.google.firebase:firebase-firestore:24.10.3] AndroidManifest.xml:22:17-82
156            <meta-data
156-->[com.google.firebase:firebase-storage:20.3.0] AndroidManifest.xml:30:13-32:85
157                android:name="com.google.firebase.components:com.google.firebase.storage.FirebaseStorageKtxRegistrar"
157-->[com.google.firebase:firebase-storage:20.3.0] AndroidManifest.xml:31:17-118
158                android:value="com.google.firebase.components.ComponentRegistrar" />
158-->[com.google.firebase:firebase-storage:20.3.0] AndroidManifest.xml:32:17-82
159            <meta-data
159-->[com.google.firebase:firebase-storage:20.3.0] AndroidManifest.xml:33:13-35:85
160                android:name="com.google.firebase.components:com.google.firebase.storage.StorageRegistrar"
160-->[com.google.firebase:firebase-storage:20.3.0] AndroidManifest.xml:34:17-107
161                android:value="com.google.firebase.components.ComponentRegistrar" />
161-->[com.google.firebase:firebase-storage:20.3.0] AndroidManifest.xml:35:17-82
162            <meta-data
162-->[com.google.firebase:firebase-appcheck:17.1.2] AndroidManifest.xml:25:13-27:85
163                android:name="com.google.firebase.components:com.google.firebase.appcheck.FirebaseAppCheckKtxRegistrar"
163-->[com.google.firebase:firebase-appcheck:17.1.2] AndroidManifest.xml:26:17-120
164                android:value="com.google.firebase.components.ComponentRegistrar" />
164-->[com.google.firebase:firebase-appcheck:17.1.2] AndroidManifest.xml:27:17-82
165            <meta-data
165-->[com.google.firebase:firebase-appcheck:17.1.2] AndroidManifest.xml:28:13-30:85
166                android:name="com.google.firebase.components:com.google.firebase.appcheck.FirebaseAppCheckRegistrar"
166-->[com.google.firebase:firebase-appcheck:17.1.2] AndroidManifest.xml:29:17-117
167                android:value="com.google.firebase.components.ComponentRegistrar" />
167-->[com.google.firebase:firebase-appcheck:17.1.2] AndroidManifest.xml:30:17-82
168            <meta-data
168-->[com.google.firebase:firebase-common-ktx:20.4.2] AndroidManifest.xml:12:13-14:85
169                android:name="com.google.firebase.components:com.google.firebase.ktx.FirebaseCommonLegacyRegistrar"
169-->[com.google.firebase:firebase-common-ktx:20.4.2] AndroidManifest.xml:13:17-116
170                android:value="com.google.firebase.components.ComponentRegistrar" />
170-->[com.google.firebase:firebase-common-ktx:20.4.2] AndroidManifest.xml:14:17-82
171            <meta-data
171-->[com.google.firebase:firebase-common:20.4.2] AndroidManifest.xml:35:13-37:85
172                android:name="com.google.firebase.components:com.google.firebase.FirebaseCommonKtxRegistrar"
172-->[com.google.firebase:firebase-common:20.4.2] AndroidManifest.xml:36:17-109
173                android:value="com.google.firebase.components.ComponentRegistrar" />
173-->[com.google.firebase:firebase-common:20.4.2] AndroidManifest.xml:37:17-82
174        </service>
175
176        <activity
176-->[com.google.android.gms:play-services-base:18.1.0] AndroidManifest.xml:20:9-22:45
177            android:name="com.google.android.gms.common.api.GoogleApiActivity"
177-->[com.google.android.gms:play-services-base:18.1.0] AndroidManifest.xml:20:19-85
178            android:exported="false"
178-->[com.google.android.gms:play-services-base:18.1.0] AndroidManifest.xml:22:19-43
179            android:theme="@android:style/Theme.Translucent.NoTitleBar" />
179-->[com.google.android.gms:play-services-base:18.1.0] AndroidManifest.xml:21:19-78
180
181        <provider
181-->[com.google.firebase:firebase-common:20.4.2] AndroidManifest.xml:23:9-28:39
182            android:name="com.google.firebase.provider.FirebaseInitProvider"
182-->[com.google.firebase:firebase-common:20.4.2] AndroidManifest.xml:24:13-77
183            android:authorities="org.store.narzedziuz.firebaseinitprovider"
183-->[com.google.firebase:firebase-common:20.4.2] AndroidManifest.xml:25:13-72
184            android:directBootAware="true"
184-->[com.google.firebase:firebase-common:20.4.2] AndroidManifest.xml:26:13-43
185            android:exported="false"
185-->[com.google.firebase:firebase-common:20.4.2] AndroidManifest.xml:27:13-37
186            android:initOrder="100" />
186-->[com.google.firebase:firebase-common:20.4.2] AndroidManifest.xml:28:13-36
187
188        <meta-data
188-->[com.google.android.gms:play-services-basement:18.3.0] AndroidManifest.xml:21:9-23:69
189            android:name="com.google.android.gms.version"
189-->[com.google.android.gms:play-services-basement:18.3.0] AndroidManifest.xml:22:13-58
190            android:value="@integer/google_play_services_version" />
190-->[com.google.android.gms:play-services-basement:18.3.0] AndroidManifest.xml:23:13-66
191
192        <receiver
192-->[androidx.profileinstaller:profileinstaller:1.3.0] AndroidManifest.xml:34:9-52:20
193            android:name="androidx.profileinstaller.ProfileInstallReceiver"
193-->[androidx.profileinstaller:profileinstaller:1.3.0] AndroidManifest.xml:35:13-76
194            android:directBootAware="false"
194-->[androidx.profileinstaller:profileinstaller:1.3.0] AndroidManifest.xml:36:13-44
195            android:enabled="true"
195-->[androidx.profileinstaller:profileinstaller:1.3.0] AndroidManifest.xml:37:13-35
196            android:exported="true"
196-->[androidx.profileinstaller:profileinstaller:1.3.0] AndroidManifest.xml:38:13-36
197            android:permission="android.permission.DUMP" >
197-->[androidx.profileinstaller:profileinstaller:1.3.0] AndroidManifest.xml:39:13-57
198            <intent-filter>
198-->[androidx.profileinstaller:profileinstaller:1.3.0] AndroidManifest.xml:40:13-42:29
199                <action android:name="androidx.profileinstaller.action.INSTALL_PROFILE" />
199-->[androidx.profileinstaller:profileinstaller:1.3.0] AndroidManifest.xml:41:17-91
199-->[androidx.profileinstaller:profileinstaller:1.3.0] AndroidManifest.xml:41:25-88
200            </intent-filter>
201            <intent-filter>
201-->[androidx.profileinstaller:profileinstaller:1.3.0] AndroidManifest.xml:43:13-45:29
202                <action android:name="androidx.profileinstaller.action.SKIP_FILE" />
202-->[androidx.profileinstaller:profileinstaller:1.3.0] AndroidManifest.xml:44:17-85
202-->[androidx.profileinstaller:profileinstaller:1.3.0] AndroidManifest.xml:44:25-82
203            </intent-filter>
204            <intent-filter>
204-->[androidx.profileinstaller:profileinstaller:1.3.0] AndroidManifest.xml:46:13-48:29
205                <action android:name="androidx.profileinstaller.action.SAVE_PROFILE" />
205-->[androidx.profileinstaller:profileinstaller:1.3.0] AndroidManifest.xml:47:17-88
205-->[androidx.profileinstaller:profileinstaller:1.3.0] AndroidManifest.xml:47:25-85
206            </intent-filter>
207            <intent-filter>
207-->[androidx.profileinstaller:profileinstaller:1.3.0] AndroidManifest.xml:49:13-51:29
208                <action android:name="androidx.profileinstaller.action.BENCHMARK_OPERATION" />
208-->[androidx.profileinstaller:profileinstaller:1.3.0] AndroidManifest.xml:50:17-95
208-->[androidx.profileinstaller:profileinstaller:1.3.0] AndroidManifest.xml:50:25-92
209            </intent-filter>
210        </receiver>
211    </application>
212
213</manifest>